[debug] [2022-06-23T11:10:49.085Z] ----------------------------------------------------------------------
[debug] [2022-06-23T11:10:49.086Z] Command:       /opt/homebrew/Cellar/node/18.3.0/bin/node /opt/homebrew/bin/firebase init
[debug] [2022-06-23T11:10:49.086Z] CLI Version:   11.1.0
[debug] [2022-06-23T11:10:49.086Z] Platform:      darwin
[debug] [2022-06-23T11:10:49.086Z] Node Version:  v18.3.0
[debug] [2022-06-23T11:10:49.087Z] Time:          Thu Jun 23 2022 15:10:49 GMT+0400 (Gulf Standard Time)
[debug] [2022-06-23T11:10:49.087Z] ----------------------------------------------------------------------
[debug] 
[debug] [2022-06-23T11:10:49.089Z] > command requires scopes: ["email","openid","https://www.googleapis.com/auth/cloudplatformprojects.readonly","https://www.googleapis.com/auth/firebase","https://www.googleapis.com/auth/cloud-platform"]
[debug] [2022-06-23T11:10:49.089Z] > authorizing via signed-in user (ayshapulliyil19@gmail.com)
[info] 
     ######## #### ########  ######## ########     ###     ######  ########
     ##        ##  ##     ## ##       ##     ##  ##   ##  ##       ##
     ######    ##  ########  ######   ########  #########  ######  ######
     ##        ##  ##    ##  ##       ##     ## ##     ##       ## ##
     ##       #### ##     ## ######## ########  ##     ##  ######  ########

You're about to initialize a Firebase project in this directory:

  /Users/ummerrashid/urfirm

[info] 
=== Project Setup
[info] 
[info] First, let's associate this project directory with a Firebase project.
[info] You can create multiple project aliases by running firebase use --add, 
[info] but for now we'll just set up a default project.
[info] 
[debug] [2022-06-23T11:11:35.653Z] >>> [apiv2][query] GET https://firebase.googleapis.com/v1beta1/projects pageSize=100
[debug] [2022-06-23T11:11:36.369Z] <<< [apiv2][status] GET https://firebase.googleapis.com/v1beta1/projects 200
[debug] [2022-06-23T11:11:36.369Z] <<< [apiv2][body] GET https://firebase.googleapis.com/v1beta1/projects [omitted]
[info] i  Using project angular-cafirm (Angular-CAFirm) 
[info] 
=== Database Setup
[info] i  database: ensuring required API firebasedatabase.googleapis.com is enabled... 
[debug] [2022-06-23T11:11:42.268Z] >>> [apiv2][query] GET https://serviceusage.googleapis.com/v1/projects/angular-cafirm/services/firebasedatabase.googleapis.com [none]
[debug] [2022-06-23T11:11:43.905Z] <<< [apiv2][status] GET https://serviceusage.googleapis.com/v1/projects/angular-cafirm/services/firebasedatabase.googleapis.com 200
[debug] [2022-06-23T11:11:43.905Z] <<< [apiv2][body] GET https://serviceusage.googleapis.com/v1/projects/angular-cafirm/services/firebasedatabase.googleapis.com [omitted]
[warn] ⚠  database: missing required API firebasedatabase.googleapis.com. Enabling now... 
[debug] [2022-06-23T11:11:43.906Z] >>> [apiv2][query] POST https://serviceusage.googleapis.com/v1/projects/angular-cafirm/services/firebasedatabase.googleapis.com:enable [none]
[debug] [2022-06-23T11:11:45.970Z] <<< [apiv2][status] POST https://serviceusage.googleapis.com/v1/projects/angular-cafirm/services/firebasedatabase.googleapis.com:enable 200
[debug] [2022-06-23T11:11:45.970Z] <<< [apiv2][body] POST https://serviceusage.googleapis.com/v1/projects/angular-cafirm/services/firebasedatabase.googleapis.com:enable [omitted]
[debug] [2022-06-23T11:11:55.973Z] >>> [apiv2][query] GET https://serviceusage.googleapis.com/v1/projects/angular-cafirm/services/firebasedatabase.googleapis.com [none]
[debug] [2022-06-23T11:11:57.544Z] <<< [apiv2][status] GET https://serviceusage.googleapis.com/v1/projects/angular-cafirm/services/firebasedatabase.googleapis.com 200
[debug] [2022-06-23T11:11:57.544Z] <<< [apiv2][body] GET https://serviceusage.googleapis.com/v1/projects/angular-cafirm/services/firebasedatabase.googleapis.com [omitted]
[info] ✔  database: required API firebasedatabase.googleapis.com is enabled 
[info] 
[debug] [2022-06-23T11:11:57.552Z] >>> [apiv2][query] GET https://firebase.googleapis.com/v1beta1/projects/angular-cafirm [none]
[debug] [2022-06-23T11:11:57.971Z] <<< [apiv2][status] GET https://firebase.googleapis.com/v1beta1/projects/angular-cafirm 200
[debug] [2022-06-23T11:11:57.971Z] <<< [apiv2][body] GET https://firebase.googleapis.com/v1beta1/projects/angular-cafirm {"projectId":"angular-cafirm","projectNumber":"823311062013","displayName":"Angular-CAFirm","name":"projects/angular-cafirm","resources":{"hostingSite":"angular-cafirm"},"state":"ACTIVE"}
[debug] [2022-06-23T11:12:22.142Z] >>> [apiv2][query] POST https://firebasedatabase.googleapis.com/v1beta/projects/angular-cafirm/locations/asia-southeast1/instances databaseId=angular-cafirm-default-rtdb&validateOnly=true
[debug] [2022-06-23T11:12:22.143Z] >>> [apiv2][body] POST https://firebasedatabase.googleapis.com/v1beta/projects/angular-cafirm/locations/asia-southeast1/instances {"type":"default_database"}
[debug] [2022-06-23T11:12:23.040Z] <<< [apiv2][status] POST https://firebasedatabase.googleapis.com/v1beta/projects/angular-cafirm/locations/asia-southeast1/instances 200
[debug] [2022-06-23T11:12:23.040Z] <<< [apiv2][body] POST https://firebasedatabase.googleapis.com/v1beta/projects/angular-cafirm/locations/asia-southeast1/instances {"name":"projects/823311062013/locations/asia-southeast1/instances/angular-cafirm-default-rtdb","project":"projects/823311062013","databaseUrl":"https://angular-cafirm-default-rtdb.asia-southeast1.firebasedatabase.app","type":"DEFAULT_DATABASE","state":"ACTIVE"}
[debug] [2022-06-23T11:12:23.042Z] >>> [apiv2][query] POST https://firebasedatabase.googleapis.com/v1beta/projects/angular-cafirm/locations/asia-southeast1/instances databaseId=angular-cafirm-default-rtdb
[debug] [2022-06-23T11:12:23.042Z] >>> [apiv2][body] POST https://firebasedatabase.googleapis.com/v1beta/projects/angular-cafirm/locations/asia-southeast1/instances {"type":"default_database"}
[debug] [2022-06-23T11:12:23.961Z] <<< [apiv2][status] POST https://firebasedatabase.googleapis.com/v1beta/projects/angular-cafirm/locations/asia-southeast1/instances 200
[debug] [2022-06-23T11:12:23.962Z] <<< [apiv2][body] POST https://firebasedatabase.googleapis.com/v1beta/projects/angular-cafirm/locations/asia-southeast1/instances {"name":"projects/823311062013/locations/asia-southeast1/instances/angular-cafirm-default-rtdb","project":"projects/823311062013","databaseUrl":"https://angular-cafirm-default-rtdb.asia-southeast1.firebasedatabase.app","type":"DEFAULT_DATABASE","state":"ACTIVE"}
[info] 
[info] Firebase Realtime Database Security Rules allow you to define how your data should be
[info] structured and when your data can be read from and written to.
[info] 
[debug] [2022-06-23T11:12:36.019Z] >>> [apiv2][query] GET https://angular-cafirm-default-rtdb.asia-southeast1.firebasedatabase.app/.settings/rules.json [none]
[debug] [2022-06-23T11:12:39.216Z] <<< [apiv2][status] GET https://angular-cafirm-default-rtdb.asia-southeast1.firebasedatabase.app/.settings/rules.json 200
[debug] [2022-06-23T11:12:39.216Z] <<< [apiv2][body] GET https://angular-cafirm-default-rtdb.asia-southeast1.firebasedatabase.app/.settings/rules.json [stream]
[info] ✔  Database Rules for angular-cafirm-default-rtdb have been written to database.rules.json. 
[info] Future modifications to database.rules.json will update Realtime Database Security Rules when you run
[info] firebase deploy.
[info] 
=== Hosting Setup
[info] 
[info] Your public directory is the folder (relative to your project directory) that
[info] will contain Hosting assets to be uploaded with firebase deploy. If you
[info] have a build process for your assets, use your build's output directory.
[info] 
[debug] [2022-06-23T11:12:52.680Z] >>> [apiv2][query] GET https://www.gstatic.com/firebasejs/releases.json [none]
[debug] [2022-06-23T11:12:53.006Z] <<< [apiv2][status] GET https://www.gstatic.com/firebasejs/releases.json 200
[debug] [2022-06-23T11:12:53.006Z] <<< [apiv2][body] GET https://www.gstatic.com/firebasejs/releases.json {"current":{"version":"9.8.3","browserURL":"https://www.gstatic.com/firebasejs/9.8.3/firebase.js","packageURL":"https://www.gstatic.com/firebasejs/9.8.3/firebase.tgz"},"live":{"version":"9.8","browserURL":"https://www.gstatic.com/firebasejs/live/9.8/firebase.js","packageURL":"https://www.gstatic.com/firebasejs/live/9.8/firebase.tgz"},"components":{"analytics":"https://www.gstatic.com/firebasejs/9.8.3/firebase-analytics.js","app":"https://www.gstatic.com/firebasejs/9.8.3/firebase-app.js","app-check":"https://www.gstatic.com/firebasejs/9.8.3/firebase-app-check.js","auth":"https://www.gstatic.com/firebasejs/9.8.3/firebase-auth.js","auth/cordova":"https://www.gstatic.com/firebasejs/9.8.3/firebase-auth/cordova.js","auth/react-native":"https://www.gstatic.com/firebasejs/9.8.3/firebase-auth/react-native.js","functions":"https://www.gstatic.com/firebasejs/9.8.3/firebase-functions.js","firestore":"https://www.gstatic.com/firebasejs/9.8.3/firebase-firestore.js","firestore/lite":"https://www.gstatic.com/firebasejs/9.8.3/firebase-firestore/lite.js","storage":"https://www.gstatic.com/firebasejs/9.8.3/firebase-storage.js","performance":"https://www.gstatic.com/firebasejs/9.8.3/firebase-performance.js","remote-config":"https://www.gstatic.com/firebasejs/9.8.3/firebase-remote-config.js","messaging":"https://www.gstatic.com/firebasejs/9.8.3/firebase-messaging.js","messaging/sw":"https://www.gstatic.com/firebasejs/9.8.3/firebase-messaging/sw.js","database":"https://www.gstatic.com/firebasejs/9.8.3/firebase-database.js","firestore.memory":"https://www.gstatic.com/firebasejs/9.8.3/firebase-firestore.memory.js"}}
[info] ✔  Wrote public/index.html 
[info] 
[info] i  Detected a .git folder at /Users/ummerrashid/urfirm 
[info] i  Authorizing with GitHub to upload your service account to a GitHub repository's secrets store. 
[info] 
[info] Visit this URL on this device to log in:
[info] https://github.com/login/oauth/authorize?client_id=89cf50f02ac6aaed3484&state=920793120&redirect_uri=http%3A%2F%2Flocalhost%3A9005&scope=read%3Auser%20repo%20public_repo
[info] 
[info] Waiting for authentication...
[debug] [2022-06-23T11:12:57.388Z] >>> [apiv2][query] POST https://github.com/login/oauth/access_token [none]
[debug] [2022-06-23T11:12:57.388Z] >>> [apiv2][body] POST https://github.com/login/oauth/access_token [stream]
[debug] [2022-06-23T11:12:57.842Z] <<< [apiv2][status] POST https://github.com/login/oauth/access_token 200
[debug] [2022-06-23T11:12:57.842Z] <<< [apiv2][body] POST https://github.com/login/oauth/access_token {"access_token":"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","token_type":"bearer","scope":"read:user,repo"}
[debug] [2022-06-23T11:12:57.858Z] >>> [apiv2][query] GET https://api.github.com/user [none]
[debug] [2022-06-23T11:12:58.263Z] <<< [apiv2][status] GET https://api.github.com/user 200
[debug] [2022-06-23T11:12:58.264Z] <<< [apiv2][body] GET https://api.github.com/user {"login":"Ayshapulliyil1997","id":44645035,"node_id":"MDQ6VXNlcjQ0NjQ1MDM1","avatar_url":"https://avatars.githubusercontent.com/u/44645035?v=4","gravatar_id":"","url":"https://api.github.com/users/Ayshapulliyil1997","html_url":"https://github.com/Ayshapulliyil1997","followers_url":"https://api.github.com/users/Ayshapulliyil1997/followers","following_url":"https://api.github.com/users/Ayshapulliyil1997/following{/other_user}","gists_url":"https://api.github.com/users/Ayshapulliyil1997/gists{/gist_id}","starred_url":"https://api.github.com/users/Ayshapulliyil1997/starred{/owner}{/repo}","subscriptions_url":"https://api.github.com/users/Ayshapulliyil1997/subscriptions","organizations_url":"https://api.github.com/users/Ayshapulliyil1997/orgs","repos_url":"https://api.github.com/users/Ayshapulliyil1997/repos","events_url":"https://api.github.com/users/Ayshapulliyil1997/events{/privacy}","received_events_url":"https://api.github.com/users/Ayshapulliyil1997/received_events","type":"User","site_admin":false,"name":null,"company":null,"blog":"","location":null,"email":null,"hireable":null,"bio":null,"twitter_username":null,"public_repos":3,"public_gists":0,"followers":0,"following":0,"created_at":"2018-10-31T14:29:21Z","updated_at":"2022-06-23T10:09:33Z","private_gists":0,"total_private_repos":0,"owned_private_repos":0,"disk_usage":3297,"collaborators":0,"two_factor_authentication":false,"plan":{"name":"free","space":976562499,"collaborators":0,"private_repos":10000}}
[info] 
[info] ✔  Success! Logged into GitHub as Ayshapulliyil1997 
[info] 
[debug] [2022-06-23T11:13:03.840Z] >>> [apiv2][query] GET https://api.github.com/repos//actions/secrets/public-key type=owner
[debug] [2022-06-23T11:13:04.306Z] <<< [apiv2][status] GET https://api.github.com/repos//actions/secrets/public-key 404
[debug] [2022-06-23T11:13:04.307Z] <<< [apiv2][body] GET https://api.github.com/repos//actions/secrets/public-key {"message":"Not Found","documentation_url":"https://docs.github.com/rest"}
[debug] [2022-06-23T11:13:09.786Z] >>> [apiv2][query] GET https://api.github.com/repos//actions/secrets/public-key type=owner
[debug] [2022-06-23T11:13:10.140Z] <<< [apiv2][status] GET https://api.github.com/repos//actions/secrets/public-key 404
[debug] [2022-06-23T11:13:10.140Z] <<< [apiv2][body] GET https://api.github.com/repos//actions/secrets/public-key {"message":"Not Found","documentation_url":"https://docs.github.com/rest"}
[debug] [2022-06-23T11:13:10.904Z] >>> [apiv2][query] GET https://api.github.com/repos//actions/secrets/public-key type=owner
[debug] [2022-06-23T11:13:11.268Z] <<< [apiv2][status] GET https://api.github.com/repos//actions/secrets/public-key 404
[debug] [2022-06-23T11:13:11.268Z] <<< [apiv2][body] GET https://api.github.com/repos//actions/secrets/public-key {"message":"Not Found","documentation_url":"https://docs.github.com/rest"}
[debug] [2022-06-23T11:13:12.043Z] >>> [apiv2][query] GET https://api.github.com/repos//actions/secrets/public-key type=owner
[debug] [2022-06-23T11:13:12.495Z] <<< [apiv2][status] GET https://api.github.com/repos//actions/secrets/public-key 404
[debug] [2022-06-23T11:13:12.495Z] <<< [apiv2][body] GET https://api.github.com/repos//actions/secrets/public-key {"message":"Not Found","documentation_url":"https://docs.github.com/rest"}
[debug] [2022-06-23T11:13:29.732Z] >>> [apiv2][query] GET https://api.github.com/repos//actions/secrets/public-key type=owner
[debug] [2022-06-23T11:13:29.949Z] >>> [apiv2][query] GET https://api.github.com/repos//actions/secrets/public-key type=owner
[debug] [2022-06-23T11:13:30.081Z] <<< [apiv2][status] GET https://api.github.com/repos//actions/secrets/public-key 404
[debug] [2022-06-23T11:13:30.082Z] <<< [apiv2][body] GET https://api.github.com/repos//actions/secrets/public-key {"message":"Not Found","documentation_url":"https://docs.github.com/rest"}
[debug] [2022-06-23T11:13:30.114Z] >>> [apiv2][query] GET https://api.github.com/repos//actions/secrets/public-key type=owner
[debug] [2022-06-23T11:13:30.290Z] <<< [apiv2][status] GET https://api.github.com/repos//actions/secrets/public-key 404
[debug] [2022-06-23T11:13:30.290Z] <<< [apiv2][body] GET https://api.github.com/repos//actions/secrets/public-key {"message":"Not Found","documentation_url":"https://docs.github.com/rest"}
[debug] [2022-06-23T11:13:30.451Z] <<< [apiv2][status] GET https://api.github.com/repos//actions/secrets/public-key 404
[debug] [2022-06-23T11:13:30.451Z] <<< [apiv2][body] GET https://api.github.com/repos//actions/secrets/public-key {"message":"Not Found","documentation_url":"https://docs.github.com/rest"}
